This file contains any messages produced by compilers while
running configure, to aid debugging if configure makes a mistake.

It was created by RtMidi configure 1.0, which was
generated by GNU Autoconf 2.57.  Invocation command line was

  $ ./configure 

## --------- ##
## Platform. ##
## --------- ##

hostname = plewanig-mac.local
uname -m = i386
uname -r = 8.8.1
uname -s = Darwin
uname -v = Darwin Kernel Version 8.8.1: Mon Sep 25 19:42:00 PDT 2006; root:xnu-792.13.8.obj~1/RELEASE_I386

/usr/bin/uname -p = i386
/bin/uname -X     = unknown

/bin/arch              = unknown
/usr/bin/arch -k       = unknown
/usr/convex/getsysinfo = unknown
hostinfo               = Mach kernel version:
	 Darwin Kernel Version 8.8.1: Mon Sep 25 19:42:00 PDT 2006; root:xnu-792.13.8.obj~1/RELEASE_I386
Kernel configured for up to 2 processors.
2 processors are physically available.
2 processors are logically available.
Processor type: i486 (Intel 80486)
Processors active: 0 1
Primary memory available: 512.00 megabytes
Default processor set: 62 tasks, 199 threads, 2 processors
Load average: 0.41, Mach factor: 1.58
/bin/machine           = unknown
/usr/bin/oslevel       = unknown
/bin/universe          = unknown

PATH: /opt/local/bin
PATH: /opt/local/sbin
PATH: /sw/bin
PATH: /sw/sbin
PATH: /bin
PATH: /sbin
PATH: /usr/bin
PATH: /usr/sbin
PATH: /usr/local/bin
PATH: /usr/X11R6/bin


## ----------- ##
## Core tests. ##
## ----------- ##

configure:1343: checking for gcc
configure:1359: found /usr/bin/gcc
configure:1369: result: gcc
configure:1613: checking for C compiler version
configure:1616: gcc --version </dev/null >&5
i686-apple-darwin8-gcc-4.0.1 (GCC) 4.0.1 (Apple Computer, Inc. build 5250)
Copyright (C) 2005 Free Software Foundation, Inc.
This is free software; see the source for copying conditions.  There is NO
warranty; not even for MERCHANTABILITY or FITNESS FOR A PARTICULAR PURPOSE.

configure:1619: $? = 0
configure:1621: gcc -v </dev/null >&5
Using built-in specs.
Target: i686-apple-darwin8
Configured with: /private/var/tmp/gcc/gcc-5250.obj~20/src/configure --disable-checking -enable-werror --prefix=/usr --mandir=/share/man --enable-languages=c,objc,c++,obj-c++ --program-transform-name=/^[cg][^.-]*$/s/$/-4.0/ --with-gxx-include-dir=/include/c++/4.0.0 --build=powerpc-apple-darwin8 --with-arch=pentium-m --with-tune=prescott --program-prefix= --host=i686-apple-darwin8 --target=i686-apple-darwin8
Thread model: posix
gcc version 4.0.1 (Apple Computer, Inc. build 5250)
configure:1624: $? = 0
configure:1626: gcc -V </dev/null >&5
gcc: argument to `-V' is missing
configure:1629: $? = 1
configure:1653: checking for C compiler default output
configure:1656: gcc    conftest.c  >&5
configure:1659: $? = 0
configure:1705: result: a.out
configure:1710: checking whether the C compiler works
configure:1716: ./a.out
configure:1719: $? = 0
configure:1736: result: yes
configure:1743: checking whether we are cross compiling
configure:1745: result: no
configure:1748: checking for suffix of executables
configure:1750: gcc -o conftest    conftest.c  >&5
configure:1753: $? = 0
configure:1778: result: 
configure:1784: checking for suffix of object files
configure:1806: gcc -c   conftest.c >&5
configure:1809: $? = 0
configure:1831: result: o
configure:1835: checking whether we are using the GNU C compiler
configure:1860: gcc -c   conftest.c >&5
configure:1863: $? = 0
configure:1866: test -s conftest.o
configure:1869: $? = 0
configure:1882: result: yes
configure:1888: checking whether gcc accepts -g
configure:1910: gcc -c -g  conftest.c >&5
configure:1913: $? = 0
configure:1916: test -s conftest.o
configure:1919: $? = 0
configure:1930: result: yes
configure:1947: checking for gcc option to accept ANSI C
configure:2008: gcc  -c -g -O2  conftest.c >&5
configure:2011: $? = 0
configure:2014: test -s conftest.o
configure:2017: $? = 0
configure:2035: result: none needed
configure:2053: gcc -c -g -O2  conftest.c >&5
conftest.c:2: error: parse error before 'me'
configure:2056: $? = 1
configure: failed program was:
| #ifndef __cplusplus
|   choke me
| #endif
configure:2217: checking for g++
configure:2233: found /usr/bin/g++
configure:2243: result: g++
configure:2259: checking for C++ compiler version
configure:2262: g++ --version </dev/null >&5
i686-apple-darwin8-g++-4.0.1 (GCC) 4.0.1 (Apple Computer, Inc. build 5250)
Copyright (C) 2005 Free Software Foundation, Inc.
This is free software; see the source for copying conditions.  There is NO
warranty; not even for MERCHANTABILITY or FITNESS FOR A PARTICULAR PURPOSE.

configure:2265: $? = 0
configure:2267: g++ -v </dev/null >&5
Using built-in specs.
Target: i686-apple-darwin8
Configured with: /private/var/tmp/gcc/gcc-5250.obj~20/src/configure --disable-checking -enable-werror --prefix=/usr --mandir=/share/man --enable-languages=c,objc,c++,obj-c++ --program-transform-name=/^[cg][^.-]*$/s/$/-4.0/ --with-gxx-include-dir=/include/c++/4.0.0 --build=powerpc-apple-darwin8 --with-arch=pentium-m --with-tune=prescott --program-prefix= --host=i686-apple-darwin8 --target=i686-apple-darwin8
Thread model: posix
gcc version 4.0.1 (Apple Computer, Inc. build 5250)
configure:2270: $? = 0
configure:2272: g++ -V </dev/null >&5
g++: argument to `-V' is missing
configure:2275: $? = 1
configure:2278: checking whether we are using the GNU C++ compiler
configure:2303: g++ -c   conftest.cc >&5
configure:2306: $? = 0
configure:2309: test -s conftest.o
configure:2312: $? = 0
configure:2325: result: yes
configure:2331: checking whether g++ accepts -g
configure:2353: g++ -c -g  conftest.cc >&5
configure:2356: $? = 0
configure:2359: test -s conftest.o
configure:2362: $? = 0
configure:2373: result: yes
configure:2417: g++ -c -g -O2  conftest.cc >&5
configure:2420: $? = 0
configure:2423: test -s conftest.o
configure:2426: $? = 0
configure:2453: g++ -c -g -O2  conftest.cc >&5
configure: In function 'int main()':
configure:2448: error: 'exit' was not declared in this scope
configure:2456: $? = 1
configure: failed program was:
| #line 2436 "configure"
| /* confdefs.h.  */
| 
| #define PACKAGE_NAME "RtMidi"
| #define PACKAGE_TARNAME "rtmidi"
| #define PACKAGE_VERSION "1.0"
| #define PACKAGE_STRING "RtMidi 1.0"
| #define PACKAGE_BUGREPORT "gary@music.mcgill.ca"
| /* end confdefs.h.  */
| 
| int
| main ()
| {
| exit (42);
|   ;
|   return 0;
| }
configure:2417: g++ -c -g -O2  conftest.cc >&5
configure:2420: $? = 0
configure:2423: test -s conftest.o
configure:2426: $? = 0
configure:2453: g++ -c -g -O2  conftest.cc >&5
configure:2456: $? = 0
configure:2459: test -s conftest.o
configure:2462: $? = 0
configure:2493: checking how to run the C preprocessor
configure:2529: gcc -E  conftest.c
configure:2535: $? = 0
configure:2567: gcc -E  conftest.c
configure:2569:28: error: ac_nonexistent.h: No such file or directory
configure:2573: $? = 1
configure: failed program was:
| #line 2558 "configure"
| /* confdefs.h.  */
| 
| #define PACKAGE_NAME "RtMidi"
| #define PACKAGE_TARNAME "rtmidi"
| #define PACKAGE_VERSION "1.0"
| #define PACKAGE_STRING "RtMidi 1.0"
| #define PACKAGE_BUGREPORT "gary@music.mcgill.ca"
| #ifdef __cplusplus
| #include <stdlib.h>
| #endif
| /* end confdefs.h.  */
| #include <ac_nonexistent.h>
configure:2611: result: gcc -E
configure:2636: gcc -E  conftest.c
configure:2642: $? = 0
configure:2674: gcc -E  conftest.c
configure:2676:28: error: ac_nonexistent.h: No such file or directory
configure:2680: $? = 1
configure: failed program was:
| #line 2665 "configure"
| /* confdefs.h.  */
| 
| #define PACKAGE_NAME "RtMidi"
| #define PACKAGE_TARNAME "rtmidi"
| #define PACKAGE_VERSION "1.0"
| #define PACKAGE_STRING "RtMidi 1.0"
| #define PACKAGE_BUGREPORT "gary@music.mcgill.ca"
| #ifdef __cplusplus
| #include <stdlib.h>
| #endif
| /* end confdefs.h.  */
| #include <ac_nonexistent.h>
configure:2723: checking for egrep
configure:2733: result: grep -E
configure:2738: checking for ANSI C header files
configure:2764: gcc -c -g -O2  conftest.c >&5
configure:2767: $? = 0
configure:2770: test -s conftest.o
configure:2773: $? = 0
configure:2862: gcc -o conftest -g -O2   conftest.c  >&5
configure: In function 'main':
configure:2861: warning: incompatible implicit declaration of built-in function 'exit'
configure:2865: $? = 0
configure:2867: ./conftest
configure:2870: $? = 0
configure:2885: result: yes
configure:2909: checking for sys/types.h
configure:2926: gcc -c -g -O2  conftest.c >&5
configure:2929: $? = 0
configure:2932: test -s conftest.o
configure:2935: $? = 0
configure:2946: result: yes
configure:2909: checking for sys/stat.h
configure:2926: gcc -c -g -O2  conftest.c >&5
configure:2929: $? = 0
configure:2932: test -s conftest.o
configure:2935: $? = 0
configure:2946: result: yes
configure:2909: checking for stdlib.h
configure:2926: gcc -c -g -O2  conftest.c >&5
configure:2929: $? = 0
configure:2932: test -s conftest.o
configure:2935: $? = 0
configure:2946: result: yes
configure:2909: checking for string.h
configure:2926: gcc -c -g -O2  conftest.c >&5
configure:2929: $? = 0
configure:2932: test -s conftest.o
configure:2935: $? = 0
configure:2946: result: yes
configure:2909: checking for memory.h
configure:2926: gcc -c -g -O2  conftest.c >&5
configure:2929: $? = 0
configure:2932: test -s conftest.o
configure:2935: $? = 0
configure:2946: result: yes
configure:2909: checking for strings.h
configure:2926: gcc -c -g -O2  conftest.c >&5
configure:2929: $? = 0
configure:2932: test -s conftest.o
configure:2935: $? = 0
configure:2946: result: yes
configure:2909: checking for inttypes.h
configure:2926: gcc -c -g -O2  conftest.c >&5
configure:2929: $? = 0
configure:2932: test -s conftest.o
configure:2935: $? = 0
configure:2946: result: yes
configure:2909: checking for stdint.h
configure:2926: gcc -c -g -O2  conftest.c >&5
configure:2929: $? = 0
configure:2932: test -s conftest.o
configure:2935: $? = 0
configure:2946: result: yes
configure:2909: checking for unistd.h
configure:2926: gcc -c -g -O2  conftest.c >&5
configure:2929: $? = 0
configure:2932: test -s conftest.o
configure:2935: $? = 0
configure:2946: result: yes
configure:2973: checking sys/ioctl.h usability
configure:2986: gcc -c -g -O2  conftest.c >&5
configure:2989: $? = 0
configure:2992: test -s conftest.o
configure:2995: $? = 0
configure:3005: result: yes
configure:3009: checking sys/ioctl.h presence
configure:3020: gcc -E  conftest.c
configure:3026: $? = 0
configure:3045: result: yes
configure:3081: checking for sys/ioctl.h
configure:3088: result: yes
configure:2964: checking for unistd.h
configure:2969: result: yes
configure:3103: checking for an ANSI C-conforming const
configure:3171: gcc -c -g -O2  conftest.c >&5
configure:3174: $? = 0
configure:3177: test -s conftest.o
configure:3180: $? = 0
configure:3191: result: yes
configure:3203: checking whether to compile debug version
configure:3217: result: no
configure:3259: checking build system type
configure:3277: result: i386-apple-darwin8.8.1
configure:3285: checking host system type
configure:3299: result: i386-apple-darwin8.8.1
configure:3307: checking for MIDI API
configure:3608: checking CoreMIDI/CoreMIDI.h usability
configure:3621: gcc -c -g -O2  conftest.c >&5
configure:3624: $? = 0
configure:3627: test -s conftest.o
configure:3630: $? = 0
configure:3640: result: yes
configure:3644: checking CoreMIDI/CoreMIDI.h presence
configure:3655: gcc -E  conftest.c
configure:3661: $? = 0
configure:3680: result: yes
configure:3716: checking for CoreMIDI/CoreMIDI.h
configure:3723: result: yes
configure:3751: checking whether gcc needs -traditional
configure:3800:20: error: termio.h: No such file or directory
configure:3795: result: no
configure:3929: creating ./config.status

## ---------------------- ##
## Running config.status. ##
## ---------------------- ##

This file was extended by RtMidi config.status 1.0, which was
generated by GNU Autoconf 2.57.  Invocation command line was

  CONFIG_FILES    = 
  CONFIG_HEADERS  = 
  CONFIG_LINKS    = 
  CONFIG_COMMANDS = 
  $ ./config.status 

on plewanig-mac.local

config.status:617: creating tests/Makefile

## ---------------- ##
## Cache variables. ##
## ---------------- ##

ac_cv_build=i386-apple-darwin8.8.1
ac_cv_build_alias=i386-apple-darwin8.8.1
ac_cv_c_compiler_gnu=yes
ac_cv_c_const=yes
ac_cv_cxx_compiler_gnu=yes
ac_cv_env_CC_set=
ac_cv_env_CC_value=
ac_cv_env_CFLAGS_set=
ac_cv_env_CFLAGS_value=
ac_cv_env_CPPFLAGS_set=
ac_cv_env_CPPFLAGS_value=
ac_cv_env_CPP_set=
ac_cv_env_CPP_value=
ac_cv_env_CXXFLAGS_set=
ac_cv_env_CXXFLAGS_value=
ac_cv_env_CXX_set=
ac_cv_env_CXX_value=
ac_cv_env_LDFLAGS_set=
ac_cv_env_LDFLAGS_value=
ac_cv_env_build_alias_set=
ac_cv_env_build_alias_value=
ac_cv_env_host_alias_set=
ac_cv_env_host_alias_value=
ac_cv_env_target_alias_set=
ac_cv_env_target_alias_value=
ac_cv_exeext=
ac_cv_header_CoreMIDI_CoreMIDI_h=yes
ac_cv_header_inttypes_h=yes
ac_cv_header_memory_h=yes
ac_cv_header_stdc=yes
ac_cv_header_stdint_h=yes
ac_cv_header_stdlib_h=yes
ac_cv_header_string_h=yes
ac_cv_header_strings_h=yes
ac_cv_header_sys_ioctl_h=yes
ac_cv_header_sys_stat_h=yes
ac_cv_header_sys_types_h=yes
ac_cv_header_unistd_h=yes
ac_cv_host=i386-apple-darwin8.8.1
ac_cv_host_alias=i386-apple-darwin8.8.1
ac_cv_objext=o
ac_cv_prog_CPP='gcc -E'
ac_cv_prog_ac_ct_CC=gcc
ac_cv_prog_ac_ct_CXX=g++
ac_cv_prog_cc_g=yes
ac_cv_prog_cc_stdc=
ac_cv_prog_cxx_g=yes
ac_cv_prog_egrep='grep -E'
ac_cv_prog_gcc_traditional=no

## ----------------- ##
## Output variables. ##
## ----------------- ##

CC='gcc'
CFLAGS='-g -O2'
CPP='gcc -E'
CPPFLAGS=''
CXX='g++'
CXXFLAGS='-g -O2'
DEFS='-DPACKAGE_NAME=\"RtMidi\" -DPACKAGE_TARNAME=\"rtmidi\" -DPACKAGE_VERSION=\"1.0\" -DPACKAGE_STRING=\"RtMidi\ 1.0\" -DPACKAGE_BUGREPORT=\"gary@music.mcgill.ca\" -DSTDC_HEADERS=1 -DHAVE_SYS_TYPES_H=1 -DHAVE_SYS_STAT_H=1 -DHAVE_STDLIB_H=1 -DHAVE_STRING_H=1 -DHAVE_MEMORY_H=1 -DHAVE_STRINGS_H=1 -DHAVE_INTTYPES_H=1 -DHAVE_STDINT_H=1 -DHAVE_UNISTD_H=1 -DHAVE_SYS_IOCTL_H=1 -DHAVE_UNISTD_H=1 '
ECHO_C=''
ECHO_N='-n'
ECHO_T=''
EGREP='grep -E'
EXEEXT=''
GXX='yes'
LDFLAGS=''
LIBOBJS=''
LIBS=''
LTLIBOBJS=''
OBJEXT='o'
PACKAGE_BUGREPORT='gary@music.mcgill.ca'
PACKAGE_NAME='RtMidi'
PACKAGE_STRING='RtMidi 1.0'
PACKAGE_TARNAME='rtmidi'
PACKAGE_VERSION='1.0'
PATH_SEPARATOR=':'
SHELL='/bin/sh'
ac_ct_CC='gcc'
ac_ct_CXX='g++'
bindir='${exec_prefix}/bin'
build='i386-apple-darwin8.8.1'
build_alias=''
build_cpu='i386'
build_os='darwin8.8.1'
build_vendor='apple'
cflags='-O2'
datadir='${prefix}/share'
debug=''
exec_prefix='${prefix}'
frameworks='-framework CoreMIDI -framework CoreFoundation -framework CoreAudio'
host='i386-apple-darwin8.8.1'
host_alias=''
host_cpu='i386'
host_os='darwin8.8.1'
host_vendor='apple'
includedir='${prefix}/include'
infodir='${prefix}/info'
libdir='${exec_prefix}/lib'
libexecdir='${exec_prefix}/libexec'
localstatedir='${prefix}/var'
mandir='${prefix}/man'
midi_api='-D__MACOSX_CORE__'
object_path='Release'
oldincludedir='/usr/include'
prefix='/usr/local'
program_transform_name='s,x,x,'
sbindir='${exec_prefix}/sbin'
sharedstatedir='${prefix}/com'
sysconfdir='${prefix}/etc'
target_alias=''
warn='-Wall'

## ----------- ##
## confdefs.h. ##
## ----------- ##

#define HAVE_INTTYPES_H 1
#define HAVE_MEMORY_H 1
#define HAVE_STDINT_H 1
#define HAVE_STDLIB_H 1
#define HAVE_STRINGS_H 1
#define HAVE_STRING_H 1
#define HAVE_SYS_IOCTL_H 1
#define HAVE_SYS_STAT_H 1
#define HAVE_SYS_TYPES_H 1
#define HAVE_UNISTD_H 1
#define HAVE_UNISTD_H 1
#define PACKAGE_BUGREPORT "gary@music.mcgill.ca"
#define PACKAGE_NAME "RtMidi"
#define PACKAGE_STRING "RtMidi 1.0"
#define PACKAGE_TARNAME "rtmidi"
#define PACKAGE_VERSION "1.0"
#define STDC_HEADERS 1
#endif
#ifdef __cplusplus
#include <stdlib.h>

configure: exit 0
